<testsuite failures="0" name="com/api/automation/getRequest/getRequest.feature" skipped="0" tests="10" time="9.957551">
  <testcase classname="com.api.automation.getRequest.getRequest" name="To get all the books API data in JSON format" time="3.406059">
    <system-out>Given url baseUrl ......................................................... passed
And path '/books' ......................................................... passed
When method GET ........................................................... passed
Then status 200 ........................................................... passed</system-out>
  </testcase>
  <testcase classname="com.api.automation.getRequest.getRequest" name="To get all the Books API data in JSON Format with path variable" time="1.766808">
    <system-out>Given url baseUrl ......................................................... passed
And path '/books' ......................................................... passed
When method GET ........................................................... passed
Then status 200 ........................................................... passed
Given url baseUrl ......................................................... passed
And path '/books/11' ...................................................... passed
When method GET ........................................................... passed
Then status 200 ........................................................... passed</system-out>
  </testcase>
  <testcase classname="com.api.automation.getRequest.getRequest" name="To get all the Books API data in JSON format with query parameter" time="1.002325">
    <system-out>Given url baseUrl ......................................................... passed
And path '/books' ......................................................... passed
When method GET ........................................................... passed
Then status 200 ........................................................... passed
Given url baseUrl ......................................................... passed
And path '/books/11' ...................................................... passed
When method GET ........................................................... passed
Then status 200 ........................................................... passed
Given url baseUrl ......................................................... passed
And path '/books' ......................................................... passed
And param page = '1' ...................................................... passed
When method GET ........................................................... passed
Then status 200 ........................................................... passed</system-out>
  </testcase>
  <testcase classname="com.api.automation.getRequest.getRequest" name="To get error when the book is not available" time="0.292609">
    <system-out>Given url baseUrl ......................................................... passed
And path '/books' ......................................................... passed
When method GET ........................................................... passed
Then status 200 ........................................................... passed
Given url baseUrl ......................................................... passed
And path '/books/11' ...................................................... passed
When method GET ........................................................... passed
Then status 200 ........................................................... passed
Given url baseUrl ......................................................... passed
And path '/books' ......................................................... passed
And param page = '1' ...................................................... passed
When method GET ........................................................... passed
Then status 200 ........................................................... passed
Given url baseUrl ......................................................... passed
And path '/books/13' ...................................................... passed
When method GET ........................................................... passed
Then status 404 ........................................................... passed</system-out>
  </testcase>
  <testcase classname="com.api.automation.getRequest.getRequest" name="To get all the characters API data in JSON format" time="0.176572">
    <system-out>Given url baseUrl ......................................................... passed
And path '/books' ......................................................... passed
When method GET ........................................................... passed
Then status 200 ........................................................... passed
Given url baseUrl ......................................................... passed
And path '/books/11' ...................................................... passed
When method GET ........................................................... passed
Then status 200 ........................................................... passed
Given url baseUrl ......................................................... passed
And path '/books' ......................................................... passed
And param page = '1' ...................................................... passed
When method GET ........................................................... passed
Then status 200 ........................................................... passed
Given url baseUrl ......................................................... passed
And path '/books/13' ...................................................... passed
When method GET ........................................................... passed
Then status 404 ........................................................... passed
Given url baseUrl ......................................................... passed
And path '/characters' .................................................... passed
When method GET ........................................................... passed
Then status 200 ........................................................... passed</system-out>
  </testcase>
  <testcase classname="com.api.automation.getRequest.getRequest" name="To get all the character API data in JSON Format with path variable" time="0.219348">
    <system-out>Given url baseUrl ......................................................... passed
And path '/books' ......................................................... passed
When method GET ........................................................... passed
Then status 200 ........................................................... passed
Given url baseUrl ......................................................... passed
And path '/books/11' ...................................................... passed
When method GET ........................................................... passed
Then status 200 ........................................................... passed
Given url baseUrl ......................................................... passed
And path '/books' ......................................................... passed
And param page = '1' ...................................................... passed
When method GET ........................................................... passed
Then status 200 ........................................................... passed
Given url baseUrl ......................................................... passed
And path '/books/13' ...................................................... passed
When method GET ........................................................... passed
Then status 404 ........................................................... passed
Given url baseUrl ......................................................... passed
And path '/characters' .................................................... passed
When method GET ........................................................... passed
Then status 200 ........................................................... passed
Given url baseUrl ......................................................... passed
And path '/characters/11' ................................................. passed
When method GET ........................................................... passed
Then status 200 ........................................................... passed</system-out>
  </testcase>
  <testcase classname="com.api.automation.getRequest.getRequest" name="To get all the character API data in JSON format with query parameter" time="0.873106">
    <system-out>Given url baseUrl ......................................................... passed
And path '/books' ......................................................... passed
When method GET ........................................................... passed
Then status 200 ........................................................... passed
Given url baseUrl ......................................................... passed
And path '/books/11' ...................................................... passed
When method GET ........................................................... passed
Then status 200 ........................................................... passed
Given url baseUrl ......................................................... passed
And path '/books' ......................................................... passed
And param page = '1' ...................................................... passed
When method GET ........................................................... passed
Then status 200 ........................................................... passed
Given url baseUrl ......................................................... passed
And path '/books/13' ...................................................... passed
When method GET ........................................................... passed
Then status 404 ........................................................... passed
Given url baseUrl ......................................................... passed
And path '/characters' .................................................... passed
When method GET ........................................................... passed
Then status 200 ........................................................... passed
Given url baseUrl ......................................................... passed
And path '/characters/11' ................................................. passed
When method GET ........................................................... passed
Then status 200 ........................................................... passed
Given url baseUrl ......................................................... passed
And path '/characters' .................................................... passed
And param page = '1' ...................................................... passed
When method GET ........................................................... passed
Then status 200 ........................................................... passed</system-out>
  </testcase>
  <testcase classname="com.api.automation.getRequest.getRequest" name="To get all the Houses API data in JSON format" time="0.867155">
    <system-out>Given url baseUrl ......................................................... passed
And path '/books' ......................................................... passed
When method GET ........................................................... passed
Then status 200 ........................................................... passed
Given url baseUrl ......................................................... passed
And path '/books/11' ...................................................... passed
When method GET ........................................................... passed
Then status 200 ........................................................... passed
Given url baseUrl ......................................................... passed
And path '/books' ......................................................... passed
And param page = '1' ...................................................... passed
When method GET ........................................................... passed
Then status 200 ........................................................... passed
Given url baseUrl ......................................................... passed
And path '/books/13' ...................................................... passed
When method GET ........................................................... passed
Then status 404 ........................................................... passed
Given url baseUrl ......................................................... passed
And path '/characters' .................................................... passed
When method GET ........................................................... passed
Then status 200 ........................................................... passed
Given url baseUrl ......................................................... passed
And path '/characters/11' ................................................. passed
When method GET ........................................................... passed
Then status 200 ........................................................... passed
Given url baseUrl ......................................................... passed
And path '/characters' .................................................... passed
And param page = '1' ...................................................... passed
When method GET ........................................................... passed
Then status 200 ........................................................... passed
Given url baseUrl ......................................................... passed
And path '/houses' ........................................................ passed
When method GET ........................................................... passed
Then status 200 ........................................................... passed</system-out>
  </testcase>
  <testcase classname="com.api.automation.getRequest.getRequest" name="To get all the houses API data in JSON Format with path variable" time="0.854073">
    <system-out>Given url baseUrl ......................................................... passed
And path '/books' ......................................................... passed
When method GET ........................................................... passed
Then status 200 ........................................................... passed
Given url baseUrl ......................................................... passed
And path '/books/11' ...................................................... passed
When method GET ........................................................... passed
Then status 200 ........................................................... passed
Given url baseUrl ......................................................... passed
And path '/books' ......................................................... passed
And param page = '1' ...................................................... passed
When method GET ........................................................... passed
Then status 200 ........................................................... passed
Given url baseUrl ......................................................... passed
And path '/books/13' ...................................................... passed
When method GET ........................................................... passed
Then status 404 ........................................................... passed
Given url baseUrl ......................................................... passed
And path '/characters' .................................................... passed
When method GET ........................................................... passed
Then status 200 ........................................................... passed
Given url baseUrl ......................................................... passed
And path '/characters/11' ................................................. passed
When method GET ........................................................... passed
Then status 200 ........................................................... passed
Given url baseUrl ......................................................... passed
And path '/characters' .................................................... passed
And param page = '1' ...................................................... passed
When method GET ........................................................... passed
Then status 200 ........................................................... passed
Given url baseUrl ......................................................... passed
And path '/houses' ........................................................ passed
When method GET ........................................................... passed
Then status 200 ........................................................... passed
Given url baseUrl ......................................................... passed
And path '/houses/200' .................................................... passed
When method GET ........................................................... passed
Then status 200 ........................................................... passed</system-out>
  </testcase>
  <testcase classname="com.api.automation.getRequest.getRequest" name="To get all the houses API data in JSON format with query parameter" time="0.499495">
    <system-out>Given url baseUrl ......................................................... passed
And path '/books' ......................................................... passed
When method GET ........................................................... passed
Then status 200 ........................................................... passed
Given url baseUrl ......................................................... passed
And path '/books/11' ...................................................... passed
When method GET ........................................................... passed
Then status 200 ........................................................... passed
Given url baseUrl ......................................................... passed
And path '/books' ......................................................... passed
And param page = '1' ...................................................... passed
When method GET ........................................................... passed
Then status 200 ........................................................... passed
Given url baseUrl ......................................................... passed
And path '/books/13' ...................................................... passed
When method GET ........................................................... passed
Then status 404 ........................................................... passed
Given url baseUrl ......................................................... passed
And path '/characters' .................................................... passed
When method GET ........................................................... passed
Then status 200 ........................................................... passed
Given url baseUrl ......................................................... passed
And path '/characters/11' ................................................. passed
When method GET ........................................................... passed
Then status 200 ........................................................... passed
Given url baseUrl ......................................................... passed
And path '/characters' .................................................... passed
And param page = '1' ...................................................... passed
When method GET ........................................................... passed
Then status 200 ........................................................... passed
Given url baseUrl ......................................................... passed
And path '/houses' ........................................................ passed
When method GET ........................................................... passed
Then status 200 ........................................................... passed
Given url baseUrl ......................................................... passed
And path '/houses/200' .................................................... passed
When method GET ........................................................... passed
Then status 200 ........................................................... passed
Given url baseUrl ......................................................... passed
And path '/houses' ........................................................ passed
And param page = '1' ...................................................... passed
When method GET ........................................................... passed
Then status 200 ........................................................... passed</system-out>
  </testcase>
</testsuite>
